error: [polling_error] {"code":"ETELEGRAM","message":"ETELEGRAM: 409 Conflict: terminated by other getUpdates request; make sure that only one bot instance is running"}
error: [polling_error] {"code":"ETELEGRAM","message":"ETELEGRAM: 409 Conflict: terminated by other getUpdates request; make sure that only one bot instance is running"}
error: [polling_error] {"code":"ETELEGRAM","message":"ETELEGRAM: 409 Conflict: terminated by other getUpdates request; make sure that only one bot instance is running"}
error: [polling_error] {"code":"ETELEGRAM","message":"ETELEGRAM: 409 Conflict: terminated by other getUpdates request; make sure that only one bot instance is running"}
error: [polling_error] {"code":"ETELEGRAM","message":"ETELEGRAM: 409 Conflict: terminated by other getUpdates request; make sure that only one bot instance is running"}
error: [polling_error] {"code":"ETELEGRAM","message":"ETELEGRAM: 409 Conflict: terminated by other getUpdates request; make sure that only one bot instance is running"}
Error fetching ticker: NetworkError: kucoin GET https://api.kucoin.com/api/v1/market/stats?symbol=BTC-USDT fetch failed
    at kucoin.fetch (c:/Users/user/Documents/Scripts/KuCoinBotV5WEBAPP/backend/node_modules/ccxt/js/src/base/Exchange.js:739:23)
    at process.processTicksAndRejections (node:internal/process/task_queues:95:5)
    at kucoin.fetch2 (c:/Users/user/Documents/Scripts/KuCoinBotV5WEBAPP/backend/node_modules/ccxt/js/src/base/Exchange.js:4795:24)
    at kucoin.request (c:/Users/user/Documents/Scripts/KuCoinBotV5WEBAPP/backend/node_modules/ccxt/js/src/base/Exchange.js:4819:16)
    at async kucoin.fetchTicker (file:///C:/Users/user/Documents/Scripts/KuCoinBotV5WEBAPP/backend/node_modules/ccxt/js/src/kucoin.js:2213:24)
    at KuCoinService.getTicker (c:\Users\user\Documents\Scripts\KuCoinBotV5WEBAPP\backend\src\services\kucoin.service.ts:47:14)
    at KuCoinBot.getMarketUpdate (c:\Users\user\Documents\Scripts\KuCoinBotV5WEBAPP\backend\src\core\bot.ts:524:20)
    at <anonymous> (c:\Users\user\Documents\Scripts\KuCoinBotV5WEBAPP\backend\src\routes\bot.routes.ts:214:22)
Error fetching order history: NetworkError: kucoin GET https://api.kucoin.com/api/v1/orders?status=done&symbol=BTC-USDT&pageSize=50&tradeType=TRADE fetch failed
    at kucoin.fetch (c:/Users/user/Documents/Scripts/KuCoinBotV5WEBAPP/backend/node_modules/ccxt/js/src/base/Exchange.js:739:23)
    at process.processTicksAndRejections (node:internal/process/task_queues:95:5)
    at kucoin.fetch2 (c:/Users/user/Documents/Scripts/KuCoinBotV5WEBAPP/backend/node_modules/ccxt/js/src/base/Exchange.js:4795:24)
    at kucoin.request (c:/Users/user/Documents/Scripts/KuCoinBotV5WEBAPP/backend/node_modules/ccxt/js/src/base/Exchange.js:4819:16)
    at async kucoin.fetchOrdersByStatus (file:///C:/Users/user/Documents/Scripts/KuCoinBotV5WEBAPP/backend/node_modules/ccxt/js/src/kucoin.js:3246:24)
    at async kucoin.fetchClosedOrders (file:///C:/Users/user/Documents/Scripts/KuCoinBotV5WEBAPP/backend/node_modules/ccxt/js/src/kucoin.js:3327:16)
    at KuCoinService.getOrderHistory (c:\Users\user\Documents\Scripts\KuCoinBotV5WEBAPP\backend\src\services\kucoin.service.ts:137:19)
    at <anonymous> (c:\Users\user\Documents\Scripts\KuCoinBotV5WEBAPP\backend\src\routes\kucoin.routes.ts:101:20)
error: [polling_error] {"code":"ETELEGRAM","message":"ETELEGRAM: 409 Conflict: terminated by other getUpdates request; make sure that only one bot instance is running"}
Failed to start server: Error: listen EADDRINUSE: address already in use :::8080
    at __node_internal_captureLargerStackTrace (node:internal/errors:563:5)
    at __node_internal_uvExceptionWithHostPort (node:internal/errors:660:12)
    at Server.setupListenHandle [as _listen2] (node:net:1872:16)
    at listenInCluster (node:net:1920:12)
    at Server.listen (node:net:2008:7)
    at <anonymous> (c:\Users\user\Documents\Scripts\KuCoinBotV5WEBAPP\backend\src\index.ts:345:10) {
  code: 'EADDRINUSE',
  errno: -4091,
  syscall: 'listen',
  address: '::',
  port: 8080
}
Port 8080 is already in use. Please check if another instance is running.
💡 Try waiting longer or check Amvera configuration
error: [polling_error] {"code":"ETELEGRAM","message":"ETELEGRAM: 409 Conflict: terminated by other getUpdates request; make sure that only one bot instance is running"}
error: [polling_error] {"code":"ETELEGRAM","message":"ETELEGRAM: 409 Conflict: terminated by other getUpdates request; make sure that only one bot instance is running"}
error: [polling_error] {"code":"ETELEGRAM","message":"ETELEGRAM: 409 Conflict: terminated by other getUpdates request; make sure that only one bot instance is running"}
error: [polling_error] {"code":"ETELEGRAM","message":"ETELEGRAM: 409 Conflict: terminated by other getUpdates request; make sure that only one bot instance is running"}
SyntaxError: Expected property name or '}' in JSON at position 1
    at JSON.parse (<anonymous>)
    at parse (C:\Users\user\Documents\Scripts\KuCoinBotV5WEBAPP\backend\node_modules\body-parser\lib\types\json.js:92:19)
    at C:\Users\user\Documents\Scripts\KuCoinBotV5WEBAPP\backend\node_modules\body-parser\lib\read.js:128:18
    at AsyncResource.runInAsyncScope (node:async_hooks:206:9)
    at invokeCallback (C:\Users\user\Documents\Scripts\KuCoinBotV5WEBAPP\backend\node_modules\raw-body\index.js:238:16)
    at done (C:\Users\user\Documents\Scripts\KuCoinBotV5WEBAPP\backend\node_modules\raw-body\index.js:227:7)
    at IncomingMessage.onEnd (C:\Users\user\Documents\Scripts\KuCoinBotV5WEBAPP\backend\node_modules\raw-body\index.js:287:7)
    at IncomingMessage.emit (node:events:518:28)
    at endReadableNT (node:internal/streams/readable:1696:12)
    at process.processTicksAndRejections (node:internal/process/task_queues:82:21)
Error fetching trades: NetworkError: kucoin GET https://api.kucoin.com/api/v1/fills?symbol=BTC-USDT fetch failed
    at kucoin.fetch (c:/Users/user/Documents/Scripts/KuCoinBotV5WEBAPP/backend/node_modules/ccxt/js/src/base/Exchange.js:739:23)
    at process.processTicksAndRejections (node:internal/process/task_queues:95:5)
    at kucoin.fetch2 (c:/Users/user/Documents/Scripts/KuCoinBotV5WEBAPP/backend/node_modules/ccxt/js/src/base/Exchange.js:4795:24)
    at kucoin.request (c:/Users/user/Documents/Scripts/KuCoinBotV5WEBAPP/backend/node_modules/ccxt/js/src/base/Exchange.js:4819:16)
    at async kucoin.fetchMyTrades (file:///C:/Users/user/Documents/Scripts/KuCoinBotV5WEBAPP/backend/node_modules/ccxt/js/src/kucoin.js:3691:24)
    at KuCoinService.getTrades (c:\Users\user\Documents\Scripts\KuCoinBotV5WEBAPP\backend\src\services\kucoin.service.ts:157:19)
    at <anonymous> (c:\Users\user\Documents\Scripts\KuCoinBotV5WEBAPP\backend\src\routes\kucoin.routes.ts:112:20)
Error fetching order history: NetworkError: kucoin GET https://api.kucoin.com/api/v1/orders?status=done&symbol=BTC-USDT&pageSize=50&tradeType=TRADE fetch failed
    at kucoin.fetch (c:/Users/user/Documents/Scripts/KuCoinBotV5WEBAPP/backend/node_modules/ccxt/js/src/base/Exchange.js:739:23)
    at process.processTicksAndRejections (node:internal/process/task_queues:95:5)
    at kucoin.fetch2 (c:/Users/user/Documents/Scripts/KuCoinBotV5WEBAPP/backend/node_modules/ccxt/js/src/base/Exchange.js:4795:24)
    at kucoin.request (c:/Users/user/Documents/Scripts/KuCoinBotV5WEBAPP/backend/node_modules/ccxt/js/src/base/Exchange.js:4819:16)
    at async kucoin.fetchOrdersByStatus (file:///C:/Users/user/Documents/Scripts/KuCoinBotV5WEBAPP/backend/node_modules/ccxt/js/src/kucoin.js:3246:24)
    at async kucoin.fetchClosedOrders (file:///C:/Users/user/Documents/Scripts/KuCoinBotV5WEBAPP/backend/node_modules/ccxt/js/src/kucoin.js:3327:16)
    at KuCoinService.getOrderHistory (c:\Users\user\Documents\Scripts\KuCoinBotV5WEBAPP\backend\src\services\kucoin.service.ts:141:19)
    at <anonymous> (c:\Users\user\Documents\Scripts\KuCoinBotV5WEBAPP\backend\src\routes\kucoin.routes.ts:101:20)
Error fetching open orders: InvalidNonce: kucoin {"code":"400002","msg":"Invalid KC-API-TIMESTAMP"}
    at kucoin.throwExactlyMatchedException (c:/Users/user/Documents/Scripts/KuCoinBotV5WEBAPP/backend/node_modules/ccxt/js/src/base/Exchange.js:5291:19)
    at kucoin.handleErrors (file:///C:/Users/user/Documents/Scripts/KuCoinBotV5WEBAPP/backend/node_modules/ccxt/js/src/kucoin.js:5781:14)
    at <anonymous> (c:/Users/user/Documents/Scripts/KuCoinBotV5WEBAPP/backend/node_modules/ccxt/js/src/base/Exchange.js:794:51)
    at process.processTicksAndRejections (node:internal/process/task_queues:95:5)
    at kucoin.fetch2 (c:/Users/user/Documents/Scripts/KuCoinBotV5WEBAPP/backend/node_modules/ccxt/js/src/base/Exchange.js:4795:24)
    at kucoin.request (c:/Users/user/Documents/Scripts/KuCoinBotV5WEBAPP/backend/node_modules/ccxt/js/src/base/Exchange.js:4819:16)
    at async kucoin.fetchOrdersByStatus (file:///C:/Users/user/Documents/Scripts/KuCoinBotV5WEBAPP/backend/node_modules/ccxt/js/src/kucoin.js:3246:24)
    at async kucoin.fetchOpenOrders (file:///C:/Users/user/Documents/Scripts/KuCoinBotV5WEBAPP/backend/node_modules/ccxt/js/src/kucoin.js:3359:16)
    at KuCoinService.getOpenOrders (c:\Users\user\Documents\Scripts\KuCoinBotV5WEBAPP\backend\src\services\kucoin.service.ts:113:19)
    at <anonymous> (c:\Users\user\Documents\Scripts\KuCoinBotV5WEBAPP\backend\src\routes\kucoin.routes.ts:78:20)
Error fetching order history: InvalidNonce: kucoin {"code":"400002","msg":"Invalid KC-API-TIMESTAMP"}
    at kucoin.throwExactlyMatchedException (c:/Users/user/Documents/Scripts/KuCoinBotV5WEBAPP/backend/node_modules/ccxt/js/src/base/Exchange.js:5291:19)
    at kucoin.handleErrors (file:///C:/Users/user/Documents/Scripts/KuCoinBotV5WEBAPP/backend/node_modules/ccxt/js/src/kucoin.js:5781:14)
    at <anonymous> (c:/Users/user/Documents/Scripts/KuCoinBotV5WEBAPP/backend/node_modules/ccxt/js/src/base/Exchange.js:794:51)
    at process.processTicksAndRejections (node:internal/process/task_queues:95:5)
    at kucoin.fetch2 (c:/Users/user/Documents/Scripts/KuCoinBotV5WEBAPP/backend/node_modules/ccxt/js/src/base/Exchange.js:4795:24)
    at kucoin.request (c:/Users/user/Documents/Scripts/KuCoinBotV5WEBAPP/backend/node_modules/ccxt/js/src/base/Exchange.js:4819:16)
    at async kucoin.fetchOrdersByStatus (file:///C:/Users/user/Documents/Scripts/KuCoinBotV5WEBAPP/backend/node_modules/ccxt/js/src/kucoin.js:3246:24)
    at async kucoin.fetchClosedOrders (file:///C:/Users/user/Documents/Scripts/KuCoinBotV5WEBAPP/backend/node_modules/ccxt/js/src/kucoin.js:3327:16)
    at KuCoinService.getOrderHistory (c:\Users\user\Documents\Scripts\KuCoinBotV5WEBAPP\backend\src\services\kucoin.service.ts:141:19)
    at <anonymous> (c:\Users\user\Documents\Scripts\KuCoinBotV5WEBAPP\backend\src\routes\kucoin.routes.ts:101:20)
Failed to initialize application: TypeError: kucoinService is not a function
    at <anonymous> (c:\Users\user\Documents\Scripts\KuCoinBotV5WEBAPP\backend\src\queues\trading.queue.ts:3:31)
    at ModuleJob.run (node:internal/modules/esm/module_job:218:25)
    at async ModuleLoader.import (node:internal/modules/esm/loader:329:24)
    at <anonymous> (c:\Users\user\Documents\Scripts\KuCoinBotV5WEBAPP\backend\src\index.ts:80:3)
Failed to initialize application: TypeError: kucoinService is not a function
    at <anonymous> (c:\Users\user\Documents\Scripts\KuCoinBotV5WEBAPP\backend\src\queues\trading.queue.ts:3:31)
    at ModuleJob.run (node:internal/modules/esm/module_job:218:25)
    at async ModuleLoader.import (node:internal/modules/esm/loader:329:24)
    at <anonymous> (c:\Users\user\Documents\Scripts\KuCoinBotV5WEBAPP\backend\src\index.ts:80:3)
Failed to initialize application: TypeError: kucoinService is not a function
    at <anonymous> (c:\Users\user\Documents\Scripts\KuCoinBotV5WEBAPP\backend\src\queues\trading.queue.ts:3:31)
    at ModuleJob.run (node:internal/modules/esm/module_job:218:25)
    at async ModuleLoader.import (node:internal/modules/esm/loader:329:24)
    at <anonymous> (c:\Users\user\Documents\Scripts\KuCoinBotV5WEBAPP\backend\src\index.ts:80:3)
error: [polling_error] {"code":"ETELEGRAM","message":"ETELEGRAM: 409 Conflict: terminated by other getUpdates request; make sure that only one bot instance is running"}
Failed to start server: Error: listen EADDRINUSE: address already in use :::8080
    at __node_internal_captureLargerStackTrace (node:internal/errors:563:5)
    at __node_internal_uvExceptionWithHostPort (node:internal/errors:660:12)
    at Server.setupListenHandle [as _listen2] (node:net:1872:16)
    at listenInCluster (node:net:1920:12)
    at Server.listen (node:net:2008:7)
    at <anonymous> (c:\Users\user\Documents\Scripts\KuCoinBotV5WEBAPP\backend\src\index.ts:345:10) {
  code: 'EADDRINUSE',
  errno: -4091,
  syscall: 'listen',
  address: '::',
  port: 8080
}
Port 8080 is already in use. Please check if another instance is running.
💡 Try waiting longer or check Amvera configuration
Failed to start server: Error: listen EADDRINUSE: address already in use :::8080
    at __node_internal_captureLargerStackTrace (node:internal/errors:563:5)
    at __node_internal_uvExceptionWithHostPort (node:internal/errors:660:12)
    at Server.setupListenHandle [as _listen2] (node:net:1872:16)
    at listenInCluster (node:net:1920:12)
    at Server.listen (node:net:2008:7)
    at <anonymous> (c:\Users\user\Documents\Scripts\KuCoinBotV5WEBAPP\backend\src\index.ts:345:10) {
  code: 'EADDRINUSE',
  errno: -4091,
  syscall: 'listen',
  address: '::',
  port: 8080
}
Port 8080 is already in use. Please check if another instance is running.
💡 Try waiting longer or check Amvera configuration
Failed to start server: Error: listen EADDRINUSE: address already in use :::8080
    at __node_internal_captureLargerStackTrace (node:internal/errors:563:5)
    at __node_internal_uvExceptionWithHostPort (node:internal/errors:660:12)
    at Server.setupListenHandle [as _listen2] (node:net:1872:16)
    at listenInCluster (node:net:1920:12)
    at Server.listen (node:net:2008:7)
    at <anonymous> (c:\Users\user\Documents\Scripts\KuCoinBotV5WEBAPP\backend\src\index.ts:345:10) {
  code: 'EADDRINUSE',
  errno: -4091,
  syscall: 'listen',
  address: '::',
  port: 8080
}
Port 8080 is already in use. Please check if another instance is running.
💡 Try waiting longer or check Amvera configuration
Failed to start server: Error: listen EADDRINUSE: address already in use :::8080
    at __node_internal_captureLargerStackTrace (node:internal/errors:563:5)
    at __node_internal_uvExceptionWithHostPort (node:internal/errors:660:12)
    at Server.setupListenHandle [as _listen2] (node:net:1872:16)
    at listenInCluster (node:net:1920:12)
    at Server.listen (node:net:2008:7)
    at <anonymous> (c:\Users\user\Documents\Scripts\KuCoinBotV5WEBAPP\backend\src\index.ts:345:10) {
  code: 'EADDRINUSE',
  errno: -4091,
  syscall: 'listen',
  address: '::',
  port: 8080
}
Port 8080 is already in use. Please check if another instance is running.
💡 Try waiting longer or check Amvera configuration
Failed to start server: Error: listen EADDRINUSE: address already in use :::8080
    at __node_internal_captureLargerStackTrace (node:internal/errors:563:5)
    at __node_internal_uvExceptionWithHostPort (node:internal/errors:660:12)
    at Server.setupListenHandle [as _listen2] (node:net:1872:16)
    at listenInCluster (node:net:1920:12)
    at Server.listen (node:net:2008:7)
    at <anonymous> (c:\Users\user\Documents\Scripts\KuCoinBotV5WEBAPP\backend\src\index.ts:345:10) {
  code: 'EADDRINUSE',
  errno: -4091,
  syscall: 'listen',
  address: '::',
  port: 8080
}
Port 8080 is already in use. Please check if another instance is running.
💡 Try waiting longer or check Amvera configuration
Failed to start server: Error: listen EADDRINUSE: address already in use :::8080
    at __node_internal_captureLargerStackTrace (node:internal/errors:563:5)
    at __node_internal_uvExceptionWithHostPort (node:internal/errors:660:12)
    at Server.setupListenHandle [as _listen2] (node:net:1872:16)
    at listenInCluster (node:net:1920:12)
    at Server.listen (node:net:2008:7)
    at <anonymous> (c:\Users\user\Documents\Scripts\KuCoinBotV5WEBAPP\backend\src\index.ts:345:10) {
  code: 'EADDRINUSE',
  errno: -4091,
  syscall: 'listen',
  address: '::',
  port: 8080
}
Port 8080 is already in use. Please check if another instance is running.
💡 Try waiting longer or check Amvera configuration
Failed to start server: Error: listen EADDRINUSE: address already in use :::8080
    at __node_internal_captureLargerStackTrace (node:internal/errors:563:5)
    at __node_internal_uvExceptionWithHostPort (node:internal/errors:660:12)
    at Server.setupListenHandle [as _listen2] (node:net:1872:16)
    at listenInCluster (node:net:1920:12)
    at Server.listen (node:net:2008:7)
    at <anonymous> (c:\Users\user\Documents\Scripts\KuCoinBotV5WEBAPP\backend\src\index.ts:345:10) {
  code: 'EADDRINUSE',
  errno: -4091,
  syscall: 'listen',
  address: '::',
  port: 8080
}
Port 8080 is already in use. Please check if another instance is running.
💡 Try waiting longer or check Amvera configuration
Failed to start server: Error: listen EADDRINUSE: address already in use :::8080
    at __node_internal_captureLargerStackTrace (node:internal/errors:563:5)
    at __node_internal_uvExceptionWithHostPort (node:internal/errors:660:12)
    at Server.setupListenHandle [as _listen2] (node:net:1872:16)
    at listenInCluster (node:net:1920:12)
    at Server.listen (node:net:2008:7)
    at <anonymous> (c:\Users\user\Documents\Scripts\KuCoinBotV5WEBAPP\backend\src\index.ts:345:10) {
  code: 'EADDRINUSE',
  errno: -4091,
  syscall: 'listen',
  address: '::',
  port: 8080
}
Port 8080 is already in use. Please check if another instance is running.
💡 Try waiting longer or check Amvera configuration
Failed to start server: Error: listen EADDRINUSE: address already in use :::8080
    at __node_internal_captureLargerStackTrace (node:internal/errors:563:5)
    at __node_internal_uvExceptionWithHostPort (node:internal/errors:660:12)
    at Server.setupListenHandle [as _listen2] (node:net:1872:16)
    at listenInCluster (node:net:1920:12)
    at Server.listen (node:net:2008:7)
    at <anonymous> (c:\Users\user\Documents\Scripts\KuCoinBotV5WEBAPP\backend\src\index.ts:345:10) {
  code: 'EADDRINUSE',
  errno: -4091,
  syscall: 'listen',
  address: '::',
  port: 8080
}
Port 8080 is already in use. Please check if another instance is running.
💡 Try waiting longer or check Amvera configuration
Failed to start server: Error: listen EADDRINUSE: address already in use :::8080
    at __node_internal_captureLargerStackTrace (node:internal/errors:563:5)
    at __node_internal_uvExceptionWithHostPort (node:internal/errors:660:12)
    at Server.setupListenHandle [as _listen2] (node:net:1872:16)
    at listenInCluster (node:net:1920:12)
    at Server.listen (node:net:2008:7)
    at <anonymous> (c:\Users\user\Documents\Scripts\KuCoinBotV5WEBAPP\backend\src\index.ts:345:10) {
  code: 'EADDRINUSE',
  errno: -4091,
  syscall: 'listen',
  address: '::',
  port: 8080
}
Port 8080 is already in use. Please check if another instance is running.
💡 Try waiting longer or check Amvera configuration
Failed to start server: Error: listen EADDRINUSE: address already in use :::8080
    at __node_internal_captureLargerStackTrace (node:internal/errors:563:5)
    at __node_internal_uvExceptionWithHostPort (node:internal/errors:660:12)
    at Server.setupListenHandle [as _listen2] (node:net:1872:16)
    at listenInCluster (node:net:1920:12)
    at Server.listen (node:net:2008:7)
    at <anonymous> (c:\Users\user\Documents\Scripts\KuCoinBotV5WEBAPP\backend\src\index.ts:345:10) {
  code: 'EADDRINUSE',
  errno: -4091,
  syscall: 'listen',
  address: '::',
  port: 8080
}
Port 8080 is already in use. Please check if another instance is running.
💡 Try waiting longer or check Amvera configuration
Failed to start server: Error: listen EADDRINUSE: address already in use :::8080
    at __node_internal_captureLargerStackTrace (node:internal/errors:563:5)
    at __node_internal_uvExceptionWithHostPort (node:internal/errors:660:12)
    at Server.setupListenHandle [as _listen2] (node:net:1872:16)
    at listenInCluster (node:net:1920:12)
    at Server.listen (node:net:2008:7)
    at <anonymous> (c:\Users\user\Documents\Scripts\KuCoinBotV5WEBAPP\backend\src\index.ts:345:10) {
  code: 'EADDRINUSE',
  errno: -4091,
  syscall: 'listen',
  address: '::',
  port: 8080
}
Port 8080 is already in use. Please check if another instance is running.
💡 Try waiting longer or check Amvera configuration
Failed to start server: Error: listen EADDRINUSE: address already in use :::8080
    at __node_internal_captureLargerStackTrace (node:internal/errors:563:5)
    at __node_internal_uvExceptionWithHostPort (node:internal/errors:660:12)
    at Server.setupListenHandle [as _listen2] (node:net:1872:16)
    at listenInCluster (node:net:1920:12)
    at Server.listen (node:net:2008:7)
    at <anonymous> (c:\Users\user\Documents\Scripts\KuCoinBotV5WEBAPP\backend\src\index.ts:345:10) {
  code: 'EADDRINUSE',
  errno: -4091,
  syscall: 'listen',
  address: '::',
  port: 8080
}
Port 8080 is already in use. Please check if another instance is running.
💡 Try waiting longer or check Amvera configuration
Failed to start server: Error: listen EADDRINUSE: address already in use :::8080
    at __node_internal_captureLargerStackTrace (node:internal/errors:563:5)
    at __node_internal_uvExceptionWithHostPort (node:internal/errors:660:12)
    at Server.setupListenHandle [as _listen2] (node:net:1872:16)
    at listenInCluster (node:net:1920:12)
    at Server.listen (node:net:2008:7)
    at <anonymous> (c:\Users\user\Documents\Scripts\KuCoinBotV5WEBAPP\backend\src\index.ts:345:10) {
  code: 'EADDRINUSE',
  errno: -4091,
  syscall: 'listen',
  address: '::',
  port: 8080
}
Port 8080 is already in use. Please check if another instance is running.
💡 Try waiting longer or check Amvera configuration
Failed to start server: Error: listen EADDRINUSE: address already in use :::8080
    at __node_internal_captureLargerStackTrace (node:internal/errors:563:5)
    at __node_internal_uvExceptionWithHostPort (node:internal/errors:660:12)
    at Server.setupListenHandle [as _listen2] (node:net:1872:16)
    at listenInCluster (node:net:1920:12)
    at Server.listen (node:net:2008:7)
    at <anonymous> (c:\Users\user\Documents\Scripts\KuCoinBotV5WEBAPP\backend\src\index.ts:345:10) {
  code: 'EADDRINUSE',
  errno: -4091,
  syscall: 'listen',
  address: '::',
  port: 8080
}
Port 8080 is already in use. Please check if another instance is running.
💡 Try waiting longer or check Amvera configuration
Failed to start server: Error: listen EADDRINUSE: address already in use :::8080
    at __node_internal_captureLargerStackTrace (node:internal/errors:563:5)
    at __node_internal_uvExceptionWithHostPort (node:internal/errors:660:12)
    at Server.setupListenHandle [as _listen2] (node:net:1872:16)
    at listenInCluster (node:net:1920:12)
    at Server.listen (node:net:2008:7)
    at <anonymous> (c:\Users\user\Documents\Scripts\KuCoinBotV5WEBAPP\backend\src\index.ts:345:10) {
  code: 'EADDRINUSE',
  errno: -4091,
  syscall: 'listen',
  address: '::',
  port: 8080
}
Port 8080 is already in use. Please check if another instance is running.
💡 Try waiting longer or check Amvera configuration
Failed to start server: Error: listen EADDRINUSE: address already in use :::8080
    at __node_internal_captureLargerStackTrace (node:internal/errors:563:5)
    at __node_internal_uvExceptionWithHostPort (node:internal/errors:660:12)
    at Server.setupListenHandle [as _listen2] (node:net:1872:16)
    at listenInCluster (node:net:1920:12)
    at Server.listen (node:net:2008:7)
    at <anonymous> (c:\Users\user\Documents\Scripts\KuCoinBotV5WEBAPP\backend\src\index.ts:345:10) {
  code: 'EADDRINUSE',
  errno: -4091,
  syscall: 'listen',
  address: '::',
  port: 8080
}
Port 8080 is already in use. Please check if another instance is running.
💡 Try waiting longer or check Amvera configuration
Failed to start server: Error: listen EADDRINUSE: address already in use :::8080
    at __node_internal_captureLargerStackTrace (node:internal/errors:563:5)
    at __node_internal_uvExceptionWithHostPort (node:internal/errors:660:12)
    at Server.setupListenHandle [as _listen2] (node:net:1872:16)
    at listenInCluster (node:net:1920:12)
    at Server.listen (node:net:2008:7)
    at <anonymous> (c:\Users\user\Documents\Scripts\KuCoinBotV5WEBAPP\backend\src\index.ts:345:10) {
  code: 'EADDRINUSE',
  errno: -4091,
  syscall: 'listen',
  address: '::',
  port: 8080
}
Port 8080 is already in use. Please check if another instance is running.
💡 Try waiting longer or check Amvera configuration
Failed to start server: Error: listen EADDRINUSE: address already in use :::8080
    at __node_internal_captureLargerStackTrace (node:internal/errors:563:5)
    at __node_internal_uvExceptionWithHostPort (node:internal/errors:660:12)
    at Server.setupListenHandle [as _listen2] (node:net:1872:16)
    at listenInCluster (node:net:1920:12)
    at Server.listen (node:net:2008:7)
    at <anonymous> (c:\Users\user\Documents\Scripts\KuCoinBotV5WEBAPP\backend\src\index.ts:345:10) {
  code: 'EADDRINUSE',
  errno: -4091,
  syscall: 'listen',
  address: '::',
  port: 8080
}
Port 8080 is already in use. Please check if another instance is running.
💡 Try waiting longer or check Amvera configuration
error: [polling_error] {"code":"ETELEGRAM","message":"ETELEGRAM: 409 Conflict: terminated by other getUpdates request; make sure that only one bot instance is running"}
Failed to start server: Error: listen EADDRINUSE: address already in use :::8080
    at __node_internal_captureLargerStackTrace (node:internal/errors:563:5)
    at __node_internal_uvExceptionWithHostPort (node:internal/errors:660:12)
    at Server.setupListenHandle [as _listen2] (node:net:1872:16)
    at listenInCluster (node:net:1920:12)
    at Server.listen (node:net:2008:7)
    at <anonymous> (c:\Users\user\Documents\Scripts\KuCoinBotV5WEBAPP\backend\src\index.ts:345:10) {
  code: 'EADDRINUSE',
  errno: -4091,
  syscall: 'listen',
  address: '::',
  port: 8080
}
Port 8080 is already in use. Please check if another instance is running.
💡 Try waiting longer or check Amvera configuration
Failed to start server: Error: listen EADDRINUSE: address already in use :::8080
    at __node_internal_captureLargerStackTrace (node:internal/errors:563:5)
    at __node_internal_uvExceptionWithHostPort (node:internal/errors:660:12)
    at Server.setupListenHandle [as _listen2] (node:net:1872:16)
    at listenInCluster (node:net:1920:12)
    at Server.listen (node:net:2008:7)
    at <anonymous> (c:\Users\user\Documents\Scripts\KuCoinBotV5WEBAPP\backend\src\index.ts:345:10) {
  code: 'EADDRINUSE',
  errno: -4091,
  syscall: 'listen',
  address: '::',
  port: 8080
}
Port 8080 is already in use. Please check if another instance is running.
💡 Try waiting longer or check Amvera configuration
error: [polling_error] {"code":"ETELEGRAM","message":"ETELEGRAM: 409 Conflict: terminated by other getUpdates request; make sure that only one bot instance is running"}
Failed to start server: Error: listen EADDRINUSE: address already in use :::8080
    at __node_internal_captureLargerStackTrace (node:internal/errors:563:5)
    at __node_internal_uvExceptionWithHostPort (node:internal/errors:660:12)
    at Server.setupListenHandle [as _listen2] (node:net:1872:16)
    at listenInCluster (node:net:1920:12)
    at Server.listen (node:net:2008:7)
    at <anonymous> (c:\Users\user\Documents\Scripts\KuCoinBotV5WEBAPP\backend\src\index.ts:345:10) {
  code: 'EADDRINUSE',
  errno: -4091,
  syscall: 'listen',
  address: '::',
  port: 8080
}
Port 8080 is already in use. Please check if another instance is running.
💡 Try waiting longer or check Amvera configuration
Failed to start server: Error: listen EADDRINUSE: address already in use :::8080
    at __node_internal_captureLargerStackTrace (node:internal/errors:563:5)
    at __node_internal_uvExceptionWithHostPort (node:internal/errors:660:12)
    at Server.setupListenHandle [as _listen2] (node:net:1872:16)
    at listenInCluster (node:net:1920:12)
    at Server.listen (node:net:2008:7)
    at <anonymous> (c:\Users\user\Documents\Scripts\KuCoinBotV5WEBAPP\backend\src\index.ts:345:10) {
  code: 'EADDRINUSE',
  errno: -4091,
  syscall: 'listen',
  address: '::',
  port: 8080
}
Port 8080 is already in use. Please check if another instance is running.
💡 Try waiting longer or check Amvera configuration
Failed to start server: Error: listen EADDRINUSE: address already in use :::8080
    at __node_internal_captureLargerStackTrace (node:internal/errors:563:5)
    at __node_internal_uvExceptionWithHostPort (node:internal/errors:660:12)
    at Server.setupListenHandle [as _listen2] (node:net:1872:16)
    at listenInCluster (node:net:1920:12)
    at Server.listen (node:net:2008:7)
    at <anonymous> (c:\Users\user\Documents\Scripts\KuCoinBotV5WEBAPP\backend\src\index.ts:345:10) {
  code: 'EADDRINUSE',
  errno: -4091,
  syscall: 'listen',
  address: '::',
  port: 8080
}
Port 8080 is already in use. Please check if another instance is running.
💡 Try waiting longer or check Amvera configuration
Failed to start server: Error: listen EADDRINUSE: address already in use :::8080
    at __node_internal_captureLargerStackTrace (node:internal/errors:563:5)
    at __node_internal_uvExceptionWithHostPort (node:internal/errors:660:12)
    at Server.setupListenHandle [as _listen2] (node:net:1872:16)
    at listenInCluster (node:net:1920:12)
    at Server.listen (node:net:2008:7)
    at <anonymous> (c:\Users\user\Documents\Scripts\KuCoinBotV5WEBAPP\backend\src\index.ts:345:10) {
  code: 'EADDRINUSE',
  errno: -4091,
  syscall: 'listen',
  address: '::',
  port: 8080
}
Port 8080 is already in use. Please check if another instance is running.
💡 Try waiting longer or check Amvera configuration
Failed to start server: Error: listen EADDRINUSE: address already in use :::8080
    at __node_internal_captureLargerStackTrace (node:internal/errors:563:5)
    at __node_internal_uvExceptionWithHostPort (node:internal/errors:660:12)
    at Server.setupListenHandle [as _listen2] (node:net:1872:16)
    at listenInCluster (node:net:1920:12)
    at Server.listen (node:net:2008:7)
    at <anonymous> (c:\Users\user\Documents\Scripts\KuCoinBotV5WEBAPP\backend\src\index.ts:345:10) {
  code: 'EADDRINUSE',
  errno: -4091,
  syscall: 'listen',
  address: '::',
  port: 8080
}
Port 8080 is already in use. Please check if another instance is running.
💡 Try waiting longer or check Amvera configuration
